INFO: [HLS 200-10] Running '/home/swarnava/xillinx/Vitis_HLS/2021.2/bin/unwrapped/lnx64.o/vitis_hls'
INFO: [HLS 200-10] For user 'swarnava' on host '01HW2125156' (Linux_x86_64 version 5.14.0-1051-oem) on Thu Nov 10 16:59:13 IST 2022
INFO: [HLS 200-10] On os Ubuntu 22.04.1 LTS
INFO: [HLS 200-10] In directory '/home/swarnava/Projects/Work/aiml/cvpr2023/code/IMGNET_RESNET/rimg_quant'
Sourcing Tcl script '/home/swarnava/Projects/Work/aiml/cvpr2023/code/IMGNET_RESNET/rimg_quant/imgnet_quant/solution1/csim.tcl'
INFO: [HLS 200-1510] Running: open_project imgnet_quant 
INFO: [HLS 200-10] Opening project '/home/swarnava/Projects/Work/aiml/cvpr2023/code/IMGNET_RESNET/rimg_quant/imgnet_quant'.
INFO: [HLS 200-1510] Running: set_top cnn_forward 
INFO: [HLS 200-1510] Running: add_files conv.cpp 
INFO: [HLS 200-10] Adding design file 'conv.cpp' to the project
INFO: [HLS 200-1510] Running: add_files -tb testbench.cpp 
INFO: [HLS 200-10] Adding test bench file 'testbench.cpp' to the project
INFO: [HLS 200-1510] Running: open_solution solution1 -flow_target vivado 
INFO: [HLS 200-10] Opening solution '/home/swarnava/Projects/Work/aiml/cvpr2023/code/IMGNET_RESNET/rimg_quant/imgnet_quant/solution1'.
INFO: [SYN 201-201] Setting up clock 'default' with a period of 10ns.
INFO: [HLS 200-1611] Setting target device to 'xc7vx485t-ffg1157-1'
INFO: [HLS 200-1505] Using flow_target 'vivado'
Resolution: For help on HLS 200-1505 see www.xilinx.com/cgi-bin/docs/rdoc?v=2021.2;t=hls+guidance;d=200-1505.html
INFO: [HLS 200-1510] Running: set_part xc7vx485tffg1157-1 
INFO: [HLS 200-1510] Running: create_clock -period 10 -name default 
INFO: [HLS 200-1510] Running: csim_design -clean -quiet 
INFO: [SIM 211-2] *************** CSIM start ***************
INFO: [SIM 211-4] CSIM will launch GCC as the compiler.
   Compiling ../../../../testbench.cpp in debug mode
   Compiling ../../../../conv.cpp in debug mode
   Generating csim.exe
@E Simulation failed: SIGSEGV.
ERROR: [SIM 211-100] CSim failed with errors.
INFO: [SIM 211-3] *************** CSIM finish ***************
INFO: [HLS 200-111] Finished Command csim_design CPU user time: 51.2 seconds. CPU system time: 0.7 seconds. Elapsed time: 50.76 seconds; current allocated memory: -937.109 MB.
4
    while executing
"source /home/swarnava/Projects/Work/aiml/cvpr2023/code/IMGNET_RESNET/rimg_quant/imgnet_quant/solution1/csim.tcl"
    invoked from within
"hls::main /home/swarnava/Projects/Work/aiml/cvpr2023/code/IMGNET_RESNET/rimg_quant/imgnet_quant/solution1/csim.tcl"
    ("uplevel" body line 1)
    invoked from within
"uplevel 1 hls::main {*}$newargs"
    (procedure "hls_proc" line 16)
    invoked from within
"hls_proc [info nameofexecutable] $argv"
INFO: [HLS 200-112] Total CPU user time: 52.53 seconds. Total CPU system time: 0.98 seconds. Total elapsed time: 51.88 seconds; peak allocated memory: 127.414 MB.
