INFO: [HLS 200-10] Running '/home/swarnava/xillinx/Vitis_HLS/2021.2/bin/unwrapped/lnx64.o/vitis_hls'
INFO: [HLS 200-10] For user 'swarnava' on host '01HW2125156' (Linux_x86_64 version 5.14.0-1051-oem) on Mon Oct 31 18:10:31 IST 2022
INFO: [HLS 200-10] On os Ubuntu 22.04.1 LTS
INFO: [HLS 200-10] In directory '/home/swarnava/Projects/Work/aiml/cvpr2023/code/CIFAR_VGG_FPGA/vgg_shiftadd_fp16'
Sourcing Tcl script '/home/swarnava/Projects/Work/aiml/cvpr2023/code/CIFAR_VGG_FPGA/vgg_shiftadd_fp16/vgg_sad_fp16/solution1/csim.tcl'
INFO: [HLS 200-1510] Running: open_project vgg_sad_fp16 
INFO: [HLS 200-10] Opening project '/home/swarnava/Projects/Work/aiml/cvpr2023/code/CIFAR_VGG_FPGA/vgg_shiftadd_fp16/vgg_sad_fp16'.
INFO: [HLS 200-1510] Running: set_top cnn_forward 
INFO: [HLS 200-1510] Running: add_files conv.cpp 
INFO: [HLS 200-10] Adding design file 'conv.cpp' to the project
INFO: [HLS 200-1510] Running: add_files -tb testbench.cpp 
INFO: [HLS 200-10] Adding test bench file 'testbench.cpp' to the project
INFO: [HLS 200-1510] Running: open_solution solution1 -flow_target vivado 
INFO: [HLS 200-10] Opening solution '/home/swarnava/Projects/Work/aiml/cvpr2023/code/CIFAR_VGG_FPGA/vgg_shiftadd_fp16/vgg_sad_fp16/solution1'.
INFO: [SYN 201-201] Setting up clock 'default' with a period of 10ns.
INFO: [HLS 200-1611] Setting target device to 'xc7vx485t-ffg1157-1'
INFO: [HLS 200-1505] Using flow_target 'vivado'
Resolution: For help on HLS 200-1505 see www.xilinx.com/cgi-bin/docs/rdoc?v=2021.2;t=hls+guidance;d=200-1505.html
INFO: [HLS 200-1510] Running: set_part xc7vx485tffg1157-1 
INFO: [HLS 200-1510] Running: create_clock -period 10 -name default 
INFO: [SYN 201-201] Setting up clock 'default' with a period of 10ns.
INFO: [HLS 200-1510] Running: csim_design -clean -quiet 
INFO: [SIM 211-2] *************** CSIM start ***************
INFO: [SIM 211-4] CSIM will launch GCC as the compiler.
